#
# There is insufficient memory for the Java Runtime Environment to continue.
# Native memory allocation (malloc) failed to allocate 1226576 bytes for Chunk::new
# Possible reasons:
#   The system is out of physical RAM or swap space
#   The process is running with CompressedOops enabled, and the Java Heap may be blocking the growth of the native heap
# Possible solutions:
#   Reduce memory load on the system
#   Increase physical memory or swap space
#   Check if swap backing store is full
#   Decrease Java heap size (-Xmx/-Xms)
#   Decrease number of Java threads
#   Decrease Java thread stack sizes (-Xss)
#   Set larger code cache with -XX:ReservedCodeCacheSize=
#   JVM is running with Zero Based Compressed Oops mode in which the Java heap is
#     placed in the first 32GB address space. The Java Heap base address is the
#     maximum limit for the native heap growth. Please use -XX:HeapBaseMinAddress
#     to set the Java Heap base and to place the Java Heap above 32GB virtual address.
# This output file may be truncated or incomplete.
#
#  Out of Memory Error (arena.cpp:168), pid=26760, tid=9008
#
# JRE version: Java(TM) SE Runtime Environment (21.0.6+8) (build 21.0.6+8-LTS-188)
# Java VM: Java HotSpot(TM) 64-Bit Server VM (21.0.6+8-LTS-188, mixed mode, sharing, tiered, compressed oops, compressed class ptrs, g1 gc, windows-amd64)
# No core dump will be written. Minidumps are not enabled by default on client versions of Windows
#

---------------  S U M M A R Y ------------

Command Line: -javaagent:C:\Program Files\JetBrains\IntelliJ IDEA Community Edition 2025.1.4.1\lib\idea_rt.jar=65043 -Dfile.encoding=UTF-8 -Dsun.stdout.encoding=UTF-8 -Dsun.stderr.encoding=UTF-8 com.subash.ecom_proj.EcomProjApplication

Host: 13th Gen Intel(R) Core(TM) i5-1340P, 16 cores, 15G,  Windows 11 , 64 bit Build 26100 (10.0.26100.5074)
Time: Wed Sep  3 11:14:44 2025 India Standard Time elapsed time: 8.762812 seconds (0d 0h 0m 8s)

---------------  T H R E A D  ---------------

Current thread (0x0000024013274030):  JavaThread "C2 CompilerThread1" daemon [_thread_in_native, id=9008, stack(0x0000009171100000,0x0000009171200000) (1024K)]


Current CompileTask:
C2:   8762 6015       4       org.springframework.transaction.annotation.AnnotationTransactionAttributeSource::determineTransactionAttribute (88 bytes)

Stack: [0x0000009171100000,0x0000009171200000]
Native frames: (J=compiled Java code, j=interpreted, Vv=VM code, C=native code)
V  [jvm.dll+0x6ca6d9]
V  [jvm.dll+0x854f51]
V  [jvm.dll+0x85747e]
V  [jvm.dll+0x857b53]
V  [jvm.dll+0x27dcc6]
V  [jvm.dll+0xc4c2d]
V  [jvm.dll+0xc5163]
V  [jvm.dll+0x2f0fbd]
V  [jvm.dll+0x5f546a]
V  [jvm.dll+0x24f8a2]
V  [jvm.dll+0x24fc5f]
V  [jvm.dll+0x248764]
V  [jvm.dll+0x245df4]
V  [jvm.dll+0x1c6d2e]
V  [jvm.dll+0x2554f9]
V  [jvm.dll+0x253a8a]
V  [jvm.dll+0x3ee576]
V  [jvm.dll+0x7ff2fb]
V  [jvm.dll+0x6c8dbd]
C  [ucrtbase.dll+0x37b0]
C  [KERNEL32.DLL+0x2e8d7]
C  [ntdll.dll+0x8d9c]


---------------  P R O C E S S  ---------------

Threads class SMR info:
_java_thread_list=0x000002400f25cb30, length=28, elements={
0x0000023fa7a4bb30, 0x0000023fc8c74910, 0x0000023fc8c77570, 0x0000023fc8c79fd0,
0x0000023fc8c7aa20, 0x0000023fc8c7b470, 0x0000023fc8c7bec0, 0x0000023fc8c7e2b0,
0x0000023fc8c842b0, 0x0000023fc9a9a180, 0x0000023fc9ac4c50, 0x0000023fc9ac56f0,
0x0000023fc9ac7f60, 0x0000023fc9ce29e0, 0x0000023fc9d18ba0, 0x000002400f837700,
0x000002400f330e50, 0x00000240102393c0, 0x0000024010239a50, 0x000002401023a0e0,
0x000002401023a770, 0x000002401023b490, 0x0000024010238010, 0x0000024013274030,
0x000002400f8324a0, 0x0000023fc9b190e0, 0x000002401130e040, 0x0000024012b5c020
}

Java Threads: ( => current thread )
  0x0000023fa7a4bb30 JavaThread "main"                              [_thread_blocked, id=29412, stack(0x000000916fd00000,0x000000916fe00000) (1024K)]
  0x0000023fc8c74910 JavaThread "Reference Handler"          daemon [_thread_blocked, id=19108, stack(0x0000009170500000,0x0000009170600000) (1024K)]
  0x0000023fc8c77570 JavaThread "Finalizer"                  daemon [_thread_blocked, id=26844, stack(0x0000009170600000,0x0000009170700000) (1024K)]
  0x0000023fc8c79fd0 JavaThread "Signal Dispatcher"          daemon [_thread_blocked, id=13556, stack(0x0000009170700000,0x0000009170800000) (1024K)]
  0x0000023fc8c7aa20 JavaThread "Attach Listener"            daemon [_thread_blocked, id=27824, stack(0x0000009170800000,0x0000009170900000) (1024K)]
  0x0000023fc8c7b470 JavaThread "Service Thread"             daemon [_thread_blocked, id=16188, stack(0x0000009170900000,0x0000009170a00000) (1024K)]
  0x0000023fc8c7bec0 JavaThread "Monitor Deflation Thread"   daemon [_thread_blocked, id=28140, stack(0x0000009170a00000,0x0000009170b00000) (1024K)]
  0x0000023fc8c7e2b0 JavaThread "C2 CompilerThread0"         daemon [_thread_in_native, id=6972, stack(0x0000009170b00000,0x0000009170c00000) (1024K)]
  0x0000023fc8c842b0 JavaThread "C1 CompilerThread0"         daemon [_thread_blocked, id=17116, stack(0x0000009170c00000,0x0000009170d00000) (1024K)]
  0x0000023fc9a9a180 JavaThread "Common-Cleaner"             daemon [_thread_blocked, id=11280, stack(0x0000009170d00000,0x0000009170e00000) (1024K)]
  0x0000023fc9ac4c50 JavaThread "C1 CompilerThread1"         daemon [_thread_blocked, id=17536, stack(0x0000009170e00000,0x0000009170f00000) (1024K)]
  0x0000023fc9ac56f0 JavaThread "C1 CompilerThread2"         daemon [_thread_blocked, id=9056, stack(0x0000009170f00000,0x0000009171000000) (1024K)]
  0x0000023fc9ac7f60 JavaThread "C1 CompilerThread3"         daemon [_thread_blocked, id=27888, stack(0x0000009171000000,0x0000009171100000) (1024K)]
  0x0000023fc9ce29e0 JavaThread "Monitor Ctrl-Break"         daemon [_thread_in_native, id=20332, stack(0x0000009171300000,0x0000009171400000) (1024K)]
  0x0000023fc9d18ba0 JavaThread "Notification Thread"        daemon [_thread_blocked, id=15432, stack(0x0000009171400000,0x0000009171500000) (1024K)]
  0x000002400f837700 JavaThread "Thread-0"                          [_thread_blocked, id=4552, stack(0x0000009171200000,0x0000009171300000) (1024K)]
  0x000002400f330e50 JavaThread "restartedMain"                     [_thread_in_Java, id=28692, stack(0x0000009171a00000,0x0000009171b00000) (1024K)]
  0x00000240102393c0 JavaThread "Catalina-utility-1"                [_thread_blocked, id=29368, stack(0x0000009172600000,0x0000009172700000) (1024K)]
  0x0000024010239a50 JavaThread "Catalina-utility-2"                [_thread_blocked, id=27696, stack(0x0000009172700000,0x0000009172800000) (1024K)]
  0x000002401023a0e0 JavaThread "container-0"                       [_thread_blocked, id=18272, stack(0x0000009172800000,0x0000009172900000) (1024K)]
  0x000002401023a770 JavaThread "mysql-cj-abandoned-connection-cleanup" daemon [_thread_blocked, id=30376, stack(0x0000009172900000,0x0000009172a00000) (1024K)]
  0x000002401023b490 JavaThread "HikariPool-1:housekeeper"   daemon [_thread_blocked, id=11132, stack(0x0000009172d00000,0x0000009172e00000) (1024K)]
  0x0000024010238010 JavaThread "HikariPool-1:connection-adder" daemon [_thread_blocked, id=20712, stack(0x0000009172e00000,0x0000009172f00000) (1024K)]
=>0x0000024013274030 JavaThread "C2 CompilerThread1"         daemon [_thread_in_native, id=9008, stack(0x0000009171100000,0x0000009171200000) (1024K)]
  0x000002400f8324a0 JavaThread "C2 CompilerThread2"         daemon [_thread_in_native, id=11752, stack(0x0000009171f00000,0x0000009172000000) (1024K)]
  0x0000023fc9b190e0 JavaThread "C2 CompilerThread3"         daemon [_thread_in_native, id=30140, stack(0x0000009172100000,0x0000009172200000) (1024K)]
  0x000002401130e040 JavaThread "C2 CompilerThread4"         daemon [_thread_in_native, id=29120, stack(0x0000009172b00000,0x0000009172c00000) (1024K)]
  0x0000024012b5c020 JavaThread "C2 CompilerThread5"         daemon [_thread_in_native, id=29668, stack(0x0000009172c00000,0x0000009172d00000) (1024K)]
Total: 28

Other Threads:
  0x0000023fc8c5cd00 VMThread "VM Thread"                           [id=19740, stack(0x0000009170400000,0x0000009170500000) (1024K)]
  0x0000023fc8c4ace0 WatcherThread "VM Periodic Task Thread"        [id=21740, stack(0x0000009170300000,0x0000009170400000) (1024K)]
  0x0000023fa7f67a20 WorkerThread "GC Thread#0"                     [id=19952, stack(0x000000916fe00000,0x000000916ff00000) (1024K)]
  0x000002400f336490 WorkerThread "GC Thread#1"                     [id=26188, stack(0x0000009171500000,0x0000009171600000) (1024K)]
  0x000002400f336830 WorkerThread "GC Thread#2"                     [id=5696, stack(0x0000009171600000,0x0000009171700000) (1024K)]
  0x000002400f3359b0 WorkerThread "GC Thread#3"                     [id=29264, stack(0x0000009171700000,0x0000009171800000) (1024K)]
  0x000002400f336bd0 WorkerThread "GC Thread#4"                     [id=1572, stack(0x0000009171800000,0x0000009171900000) (1024K)]
  0x000002400f335d50 WorkerThread "GC Thread#5"                     [id=16612, stack(0x0000009171900000,0x0000009171a00000) (1024K)]
  0x000002400f336f70 WorkerThread "GC Thread#6"                     [id=29804, stack(0x0000009171c00000,0x0000009171d00000) (1024K)]
  0x000002400f335610 WorkerThread "GC Thread#7"                     [id=28720, stack(0x0000009171d00000,0x0000009171e00000) (1024K)]
  0x000002400fcc2f40 WorkerThread "GC Thread#8"                     [id=29248, stack(0x0000009171e00000,0x0000009171f00000) (1024K)]
  0x000002400fcc4500 WorkerThread "GC Thread#9"                     [id=29328, stack(0x0000009171b00000,0x0000009171c00000) (1024K)]
  0x000002400fcc1d20 WorkerThread "GC Thread#10"                    [id=29572, stack(0x0000009172000000,0x0000009172100000) (1024K)]
  0x000002400fcc4c40 WorkerThread "GC Thread#11"                    [id=28560, stack(0x0000009172200000,0x0000009172300000) (1024K)]
  0x000002400fcc3dc0 WorkerThread "GC Thread#12"                    [id=29084, stack(0x0000009172300000,0x0000009172400000) (1024K)]
  0x0000023fa7f78480 ConcurrentGCThread "G1 Main Marker"            [id=26376, stack(0x000000916ff00000,0x0000009170000000) (1024K)]
  0x0000023fa7f78f80 WorkerThread "G1 Conc#0"                       [id=15088, stack(0x0000009170000000,0x0000009170100000) (1024K)]
  0x000002400fcc4160 WorkerThread "G1 Conc#1"                       [id=24212, stack(0x0000009172400000,0x0000009172500000) (1024K)]
  0x000002400fcc4fe0 WorkerThread "G1 Conc#2"                       [id=15840, stack(0x0000009172500000,0x0000009172600000) (1024K)]
  0x0000023fc8b1a0a0 ConcurrentGCThread "G1 Refine#0"               [id=16676, stack(0x0000009170100000,0x0000009170200000) (1024K)]
  0x0000023fc8b1a8c0 ConcurrentGCThread "G1 Service"                [id=3904, stack(0x0000009170200000,0x0000009170300000) (1024K)]
Total: 21

Threads with active compile tasks:
C2 CompilerThread0     8792 5993       4       org.springframework.core.annotation.AnnotationsScanner::processClass (92 bytes)
C2 CompilerThread1     8792 6015       4       org.springframework.transaction.annotation.AnnotationTransactionAttributeSource::determineTransactionAttribute (88 bytes)
C2 CompilerThread2     8792 6012       4       org.springframework.core.annotation.AnnotatedElementUtils::findMergedAnnotationAttributes (24 bytes)
C2 CompilerThread3     8792 6010   !   4       org.springframework.util.ReflectionUtils::doWithMethods (189 bytes)
C2 CompilerThread4     8792 6013   !   4       org.springframework.util.ReflectionUtils::getDeclaredMethods (186 bytes)
C2 CompilerThread5     8792 6096   !   4       org.springframework.core.annotation.AnnotationsScanner::processMethodHierarchy (276 bytes)
Total: 6

VM state: not at safepoint (normal execution)

VM Mutex/Monitor currently owned by a thread: None

Heap address: 0x0000000705800000, size: 4008 MB, Compressed Oops mode: Zero based, Oop shift amount: 3

CDS archive(s) mapped at: [0x0000023fca000000-0x0000023fcac90000-0x0000023fcac90000), size 13172736, SharedBaseAddress: 0x0000023fca000000, ArchiveRelocationMode: 1.
Compressed class space mapped at: 0x0000023fcb000000-0x000002400b000000, reserved size: 1073741824
Narrow klass base: 0x0000023fca000000, Narrow klass shift: 0, Narrow klass range: 0x100000000

GC Precious Log:
 CardTable entry size: 512
 Card Set container configuration: InlinePtr #cards 4 size 8 Array Of Cards #cards 16 size 48 Howl #buckets 8 coarsen threshold 3686 Howl Bitmap #cards 512 size 80 coarsen threshold 460 Card regions per heap region 1 cards per card region 4096
 CPUs: 16 total, 16 available
 Memory: 16024M
 Large Page Support: Disabled
 NUMA Support: Disabled
 Compressed Oops: Enabled (Zero based)
 Heap Region Size: 2M
 Heap Min Capacity: 8M
 Heap Initial Capacity: 252M
 Heap Max Capacity: 4008M
 Pre-touch: Disabled
 Parallel Workers: 13
 Concurrent Workers: 3
 Concurrent Refinement Workers: 13
 Periodic GC: Disabled

Heap:
 garbage-first heap   total 73728K, used 43879K [0x0000000705800000, 0x0000000800000000)
  region size 2048K, 12 young (24576K), 2 survivors (4096K)
 Metaspace       used 62542K, committed 63168K, reserved 1114112K
  class space    used 8309K, committed 8576K, reserved 1048576K

Heap Regions: E=young(eden), S=young(survivor), O=old, HS=humongous(starts), HC=humongous(continues), CS=collection set, F=free, TAMS=top-at-mark-start, PB=parsable bottom
|   0|0x0000000705800000, 0x0000000705a00000, 0x0000000705a00000|100%| O|  |TAMS 0x0000000705800000| PB 0x0000000705800000| Untracked 
|   1|0x0000000705a00000, 0x0000000705c00000, 0x0000000705c00000|100%| O|  |TAMS 0x0000000705a00000| PB 0x0000000705a00000| Untracked 
|   2|0x0000000705c00000, 0x0000000705c00000, 0x0000000705e00000|  0%| F|  |TAMS 0x0000000705c00000| PB 0x0000000705c00000| Untracked 
|   3|0x0000000705e00000, 0x0000000706000000, 0x0000000706000000|100%| O|  |TAMS 0x0000000705e00000| PB 0x0000000705e00000| Untracked 
|   4|0x0000000706000000, 0x0000000706200000, 0x0000000706200000|100%| O|  |TAMS 0x0000000706000000| PB 0x0000000706000000| Untracked 
|   5|0x0000000706200000, 0x0000000706400000, 0x0000000706400000|100%| O|  |TAMS 0x0000000706200000| PB 0x0000000706200000| Untracked 
|   6|0x0000000706400000, 0x0000000706600000, 0x0000000706600000|100%| O|  |TAMS 0x0000000706400000| PB 0x0000000706400000| Untracked 
|   7|0x0000000706600000, 0x0000000706800000, 0x0000000706800000|100%| O|  |TAMS 0x0000000706600000| PB 0x0000000706600000| Untracked 
|   8|0x0000000706800000, 0x0000000706a00000, 0x0000000706a00000|100%| O|  |TAMS 0x0000000706800000| PB 0x0000000706800000| Untracked 
|   9|0x0000000706a00000, 0x0000000706c00000, 0x0000000706c00000|100%| O|Cm|TAMS 0x0000000706a00000| PB 0x0000000706a00000| Complete 
|  10|0x0000000706c00000, 0x0000000706e00000, 0x0000000706e00000|100%| O|  |TAMS 0x0000000706c00000| PB 0x0000000706c00000| Untracked 
|  11|0x0000000706e00000, 0x0000000707000000, 0x0000000707000000|100%| O|  |TAMS 0x0000000706e00000| PB 0x0000000706e00000| Untracked 
|  12|0x0000000707000000, 0x0000000707000000, 0x0000000707200000|  0%| F|  |TAMS 0x0000000707000000| PB 0x0000000707000000| Untracked 
|  13|0x0000000707200000, 0x0000000707200000, 0x0000000707400000|  0%| F|  |TAMS 0x0000000707200000| PB 0x0000000707200000| Untracked 
|  14|0x0000000707400000, 0x0000000707400000, 0x0000000707600000|  0%| F|  |TAMS 0x0000000707400000| PB 0x0000000707400000| Untracked 
|  15|0x0000000707600000, 0x0000000707650ee8, 0x0000000707800000| 15%| O|  |TAMS 0x0000000707600000| PB 0x0000000707600000| Untracked 
|  16|0x0000000707800000, 0x0000000707800000, 0x0000000707a00000|  0%| F|  |TAMS 0x0000000707800000| PB 0x0000000707800000| Untracked 
|  17|0x0000000707a00000, 0x0000000707a00000, 0x0000000707c00000|  0%| F|  |TAMS 0x0000000707a00000| PB 0x0000000707a00000| Untracked 
|  18|0x0000000707c00000, 0x0000000707c00000, 0x0000000707e00000|  0%| F|  |TAMS 0x0000000707c00000| PB 0x0000000707c00000| Untracked 
|  19|0x0000000707e00000, 0x0000000707e00000, 0x0000000708000000|  0%| F|  |TAMS 0x0000000707e00000| PB 0x0000000707e00000| Untracked 
|  20|0x0000000708000000, 0x0000000708000000, 0x0000000708200000|  0%| F|  |TAMS 0x0000000708000000| PB 0x0000000708000000| Untracked 
|  21|0x0000000708200000, 0x0000000708200000, 0x0000000708400000|  0%| F|  |TAMS 0x0000000708200000| PB 0x0000000708200000| Untracked 
|  22|0x0000000708400000, 0x0000000708400000, 0x0000000708600000|  0%| F|  |TAMS 0x0000000708400000| PB 0x0000000708400000| Untracked 
|  23|0x0000000708600000, 0x0000000708600000, 0x0000000708800000|  0%| F|  |TAMS 0x0000000708600000| PB 0x0000000708600000| Untracked 
|  24|0x0000000708800000, 0x000000070888c8b8, 0x0000000708a00000| 27%| E|  |TAMS 0x0000000708800000| PB 0x0000000708800000| Complete 
|  25|0x0000000708a00000, 0x0000000708c00000, 0x0000000708c00000|100%| E|CS|TAMS 0x0000000708a00000| PB 0x0000000708a00000| Complete 
|  26|0x0000000708c00000, 0x0000000708e00000, 0x0000000708e00000|100%| E|CS|TAMS 0x0000000708c00000| PB 0x0000000708c00000| Complete 
|  27|0x0000000708e00000, 0x0000000709000000, 0x0000000709000000|100%| E|CS|TAMS 0x0000000708e00000| PB 0x0000000708e00000| Complete 
|  28|0x0000000709000000, 0x0000000709200000, 0x0000000709200000|100%| E|CS|TAMS 0x0000000709000000| PB 0x0000000709000000| Complete 
|  29|0x0000000709200000, 0x0000000709400000, 0x0000000709400000|100%| E|CS|TAMS 0x0000000709200000| PB 0x0000000709200000| Complete 
|  30|0x0000000709400000, 0x0000000709600000, 0x0000000709600000|100%| E|CS|TAMS 0x0000000709400000| PB 0x0000000709400000| Complete 
|  96|0x0000000711800000, 0x0000000711a00000, 0x0000000711a00000|100%| E|CS|TAMS 0x0000000711800000| PB 0x0000000711800000| Complete 
|  97|0x0000000711a00000, 0x0000000711c00000, 0x0000000711c00000|100%| E|CS|TAMS 0x0000000711a00000| PB 0x0000000711a00000| Complete 
|  98|0x0000000711c00000, 0x0000000711c88ec0, 0x0000000711e00000| 26%| S|CS|TAMS 0x0000000711c00000| PB 0x0000000711c00000| Complete 
|  99|0x0000000711e00000, 0x0000000712000000, 0x0000000712000000|100%| S|CS|TAMS 0x0000000711e00000| PB 0x0000000711e00000| Complete 
| 125|0x0000000715200000, 0x0000000715400000, 0x0000000715400000|100%| E|CS|TAMS 0x0000000715200000| PB 0x0000000715200000| Complete 

Card table byte_map: [0x0000023fc2130000,0x0000023fc2910000] _byte_map_base: 0x0000023fbe904000

Marking Bits: (CMBitMap*) 0x0000023fa7f68120
 Bits: [0x0000023fc2910000, 0x0000023fc67b0000)

Polling page: 0x0000023fa7c90000

Metaspace:

Usage:
  Non-class:     52.96 MB used.
      Class:      8.11 MB used.
       Both:     61.08 MB used.

Virtual space:
  Non-class space:       64.00 MB reserved,      53.31 MB ( 83%) committed,  1 nodes.
      Class space:        1.00 GB reserved,       8.38 MB ( <1%) committed,  1 nodes.
             Both:        1.06 GB reserved,      61.69 MB (  6%) committed. 

Chunk freelists:
   Non-Class:  10.61 MB
       Class:  7.51 MB
        Both:  18.12 MB

MaxMetaspaceSize: unlimited
CompressedClassSpaceSize: 1.00 GB
Initial GC threshold: 21.00 MB
Current GC threshold: 99.19 MB
CDS: on
 - commit_granule_bytes: 65536.
 - commit_granule_words: 8192.
 - virtual_space_node_default_size: 8388608.
 - enlarge_chunks_in_place: 1.
 - use_allocation_guard: 0.


Internal statistics:

num_allocs_failed_limit: 12.
num_arena_births: 870.
num_arena_deaths: 0.
num_vsnodes_births: 2.
num_vsnodes_deaths: 0.
num_space_committed: 987.
num_space_uncommitted: 0.
num_chunks_returned_to_freelist: 12.
num_chunks_taken_from_freelist: 3074.
num_chunk_merges: 12.
num_chunk_splits: 2181.
num_chunks_enlarged: 1664.
num_inconsistent_stats: 0.

CodeHeap 'non-profiled nmethods': size=119168Kb used=3424Kb max_used=3510Kb free=115743Kb
 bounds [0x0000023fb9540000, 0x0000023fb98d0000, 0x0000023fc09a0000]
CodeHeap 'profiled nmethods': size=119104Kb used=10852Kb max_used=11186Kb free=108251Kb
 bounds [0x0000023fb19a0000, 0x0000023fb2490000, 0x0000023fb8df0000]
CodeHeap 'non-nmethods': size=7488Kb used=3370Kb max_used=3463Kb free=4118Kb
 bounds [0x0000023fb8df0000, 0x0000023fb9160000, 0x0000023fb9540000]
 total_blobs=6112 nmethods=5399 adapters=614
 compilation: enabled
              stopped_count=0, restarted_count=0
 full_count=0

Compilation events (20 events):
Event: 8.749 Thread 0x0000023fc9ac56f0 6114       3       java.lang.invoke.LambdaForm$MH/0x0000023fcb3bc400::invoke (42 bytes)
Event: 8.749 Thread 0x0000023fc9ac56f0 nmethod 6114 0x0000023fb19fcd10 code [0x0000023fb19fcfa0, 0x0000023fb19fdc70]
Event: 8.754 Thread 0x0000023fc9ac56f0 6115       3       org.springframework.orm.jpa.support.PersistenceAnnotationBeanPostProcessor$$Lambda/0x0000023fcb319348::<init> (15 bytes)
Event: 8.754 Thread 0x0000023fc9ac4c50 6116       3       org.springframework.orm.jpa.support.PersistenceAnnotationBeanPostProcessor$$Lambda/0x0000023fcb319560::<init> (20 bytes)
Event: 8.755 Thread 0x0000023fc9ac56f0 nmethod 6115 0x0000023fb2077090 code [0x0000023fb2077240, 0x0000023fb2077470]
Event: 8.755 Thread 0x0000023fc9ac7f60 6117       3       org.springframework.beans.factory.annotation.InitDestroyAnnotationBeanPostProcessor$$Lambda/0x0000023fcb319778::<init> (26 bytes)
Event: 8.755 Thread 0x0000023fc9ac4c50 nmethod 6116 0x0000023fb22a8790 code [0x0000023fb22a8940, 0x0000023fb22a8bd8]
Event: 8.755 Thread 0x0000023fc9ac56f0 6118       3       org.springframework.context.annotation.CommonAnnotationBeanPostProcessor$$Lambda/0x0000023fcb319990::<init> (15 bytes)
Event: 8.755 Thread 0x0000023fc8c842b0 6119       3       org.springframework.context.annotation.CommonAnnotationBeanPostProcessor$$Lambda/0x0000023fcb319ba8::<init> (20 bytes)
Event: 8.755 Thread 0x0000023fc9ac7f60 nmethod 6117 0x0000023fb1f3cc10 code [0x0000023fb1f3cdc0, 0x0000023fb1f3d0b8]
Event: 8.755 Thread 0x0000023fc9ac7f60 6120       3       org.springframework.beans.factory.annotation.AutowiredAnnotationBeanPostProcessor$$Lambda/0x0000023fcb319dc0::<init> (15 bytes)
Event: 8.755 Thread 0x0000023fc9ac56f0 nmethod 6118 0x0000023fb1eb7310 code [0x0000023fb1eb74c0, 0x0000023fb1eb76f0]
Event: 8.755 Thread 0x0000023fc9ac56f0 6121       3       org.springframework.beans.factory.annotation.AutowiredAnnotationBeanPostProcessor$$Lambda/0x0000023fcb319fd8::<init> (20 bytes)
Event: 8.755 Thread 0x0000023fc9ac4c50 6122   !   3       org.springframework.beans.factory.annotation.AutowiredAnnotationBeanPostProcessor::sortMethodElements (240 bytes)
Event: 8.755 Thread 0x0000023fc8c842b0 nmethod 6119 0x0000023fb1eb6e10 code [0x0000023fb1eb6fc0, 0x0000023fb1eb7258]
Event: 8.755 Thread 0x0000023fc9ac7f60 nmethod 6120 0x0000023fb1fc0810 code [0x0000023fb1fc09c0, 0x0000023fb1fc0bf0]
Event: 8.755 Thread 0x0000023fc9ac56f0 nmethod 6121 0x0000023fb1fc0310 code [0x0000023fb1fc04c0, 0x0000023fb1fc0758]
Event: 8.757 Thread 0x0000023fc9ac4c50 nmethod 6122 0x0000023fb1cad390 code [0x0000023fb1cad780, 0x0000023fb1caf600]
Event: 8.757 Thread 0x0000023fc9ac4c50 6123       3       org.springframework.beans.factory.InjectionPoint::getAnnotations (39 bytes)
Event: 8.758 Thread 0x0000023fc9ac4c50 nmethod 6123 0x0000023fb22afa90 code [0x0000023fb22afce0, 0x0000023fb22b0650]

GC Heap History (18 events):
Event: 0.768 GC heap before
{Heap before GC invocations=0 (full 0):
 garbage-first heap   total 258048K, used 20480K [0x0000000705800000, 0x0000000800000000)
  region size 2048K, 11 young (22528K), 0 survivors (0K)
 Metaspace       used 4531K, committed 4800K, reserved 1114112K
  class space    used 499K, committed 640K, reserved 1048576K
}
Event: 0.773 GC heap after
{Heap after GC invocations=1 (full 0):
 garbage-first heap   total 258048K, used 7258K [0x0000000705800000, 0x0000000800000000)
  region size 2048K, 2 young (4096K), 2 survivors (4096K)
 Metaspace       used 4531K, committed 4800K, reserved 1114112K
  class space    used 499K, committed 640K, reserved 1048576K
}
Event: 1.417 GC heap before
{Heap before GC invocations=1 (full 0):
 garbage-first heap   total 258048K, used 33882K [0x0000000705800000, 0x0000000800000000)
  region size 2048K, 15 young (30720K), 2 survivors (4096K)
 Metaspace       used 11825K, committed 12224K, reserved 1114112K
  class space    used 1432K, committed 1600K, reserved 1048576K
}
Event: 1.421 GC heap after
{Heap after GC invocations=2 (full 0):
 garbage-first heap   total 258048K, used 9451K [0x0000000705800000, 0x0000000800000000)
  region size 2048K, 1 young (2048K), 1 survivors (2048K)
 Metaspace       used 11825K, committed 12224K, reserved 1114112K
  class space    used 1432K, committed 1600K, reserved 1048576K
}
Event: 2.713 GC heap before
{Heap before GC invocations=2 (full 0):
 garbage-first heap   total 258048K, used 56555K [0x0000000705800000, 0x0000000800000000)
  region size 2048K, 26 young (53248K), 1 survivors (2048K)
 Metaspace       used 21206K, committed 21504K, reserved 1114112K
  class space    used 2562K, committed 2688K, reserved 1048576K
}
Event: 2.723 GC heap after
{Heap after GC invocations=3 (full 0):
 garbage-first heap   total 258048K, used 14363K [0x0000000705800000, 0x0000000800000000)
  region size 2048K, 4 young (8192K), 4 survivors (8192K)
 Metaspace       used 21206K, committed 21504K, reserved 1114112K
  class space    used 2562K, committed 2688K, reserved 1048576K
}
Event: 4.443 GC heap before
{Heap before GC invocations=4 (full 0):
 garbage-first heap   total 61440K, used 59419K [0x0000000705800000, 0x0000000800000000)
  region size 2048K, 26 young (53248K), 4 survivors (8192K)
 Metaspace       used 28893K, committed 29440K, reserved 1114112K
  class space    used 3605K, committed 3840K, reserved 1048576K
}
Event: 4.451 GC heap after
{Heap after GC invocations=5 (full 0):
 garbage-first heap   total 73728K, used 19204K [0x0000000705800000, 0x0000000800000000)
  region size 2048K, 6 young (12288K), 6 survivors (12288K)
 Metaspace       used 28893K, committed 29440K, reserved 1114112K
  class space    used 3605K, committed 3840K, reserved 1048576K
}
Event: 5.263 GC heap before
{Heap before GC invocations=5 (full 0):
 garbage-first heap   total 73728K, used 45828K [0x0000000705800000, 0x0000000800000000)
  region size 2048K, 20 young (40960K), 6 survivors (12288K)
 Metaspace       used 35603K, committed 36096K, reserved 1114112K
  class space    used 4622K, committed 4864K, reserved 1048576K
}
Event: 5.274 GC heap after
{Heap after GC invocations=6 (full 0):
 garbage-first heap   total 73728K, used 21084K [0x0000000705800000, 0x0000000800000000)
  region size 2048K, 2 young (4096K), 2 survivors (4096K)
 Metaspace       used 35603K, committed 36096K, reserved 1114112K
  class space    used 4622K, committed 4864K, reserved 1048576K
}
Event: 5.345 GC heap before
{Heap before GC invocations=6 (full 0):
 garbage-first heap   total 73728K, used 21084K [0x0000000705800000, 0x0000000800000000)
  region size 2048K, 3 young (6144K), 2 survivors (4096K)
 Metaspace       used 35927K, committed 36416K, reserved 1114112K
  class space    used 4687K, committed 4928K, reserved 1048576K
}
Event: 5.348 GC heap after
{Heap after GC invocations=7 (full 0):
 garbage-first heap   total 73728K, used 20246K [0x0000000705800000, 0x0000000800000000)
  region size 2048K, 2 young (4096K), 2 survivors (4096K)
 Metaspace       used 35927K, committed 36416K, reserved 1114112K
  class space    used 4687K, committed 4928K, reserved 1048576K
}
Event: 6.858 GC heap before
{Heap before GC invocations=8 (full 0):
 garbage-first heap   total 73728K, used 57110K [0x0000000705800000, 0x0000000800000000)
  region size 2048K, 21 young (43008K), 2 survivors (4096K)
 Metaspace       used 49477K, committed 49984K, reserved 1114112K
  class space    used 6301K, committed 6528K, reserved 1048576K
}
Event: 6.863 GC heap after
{Heap after GC invocations=9 (full 0):
 garbage-first heap   total 73728K, used 23760K [0x0000000705800000, 0x0000000800000000)
  region size 2048K, 3 young (6144K), 3 survivors (6144K)
 Metaspace       used 49477K, committed 49984K, reserved 1114112K
  class space    used 6301K, committed 6528K, reserved 1048576K
}
Event: 8.024 GC heap before
{Heap before GC invocations=9 (full 0):
 garbage-first heap   total 73728K, used 58576K [0x0000000705800000, 0x0000000800000000)
  region size 2048K, 21 young (43008K), 3 survivors (6144K)
 Metaspace       used 59907K, committed 60480K, reserved 1114112K
  class space    used 7872K, committed 8128K, reserved 1048576K
}
Event: 8.029 GC heap after
{Heap after GC invocations=10 (full 0):
 garbage-first heap   total 73728K, used 25700K [0x0000000705800000, 0x0000000800000000)
  region size 2048K, 2 young (4096K), 2 survivors (4096K)
 Metaspace       used 59907K, committed 60480K, reserved 1114112K
  class space    used 7872K, committed 8128K, reserved 1048576K
}
Event: 8.120 GC heap before
{Heap before GC invocations=10 (full 0):
 garbage-first heap   total 73728K, used 25700K [0x0000000705800000, 0x0000000800000000)
  region size 2048K, 3 young (6144K), 2 survivors (4096K)
 Metaspace       used 60255K, committed 60800K, reserved 1114112K
  class space    used 7939K, committed 8192K, reserved 1048576K
}
Event: 8.124 GC heap after
{Heap after GC invocations=11 (full 0):
 garbage-first heap   total 73728K, used 25447K [0x0000000705800000, 0x0000000800000000)
  region size 2048K, 2 young (4096K), 2 survivors (4096K)
 Metaspace       used 60255K, committed 60800K, reserved 1114112K
  class space    used 7939K, committed 8192K, reserved 1048576K
}

Dll operation events (13 events):
Event: 0.014 Loaded shared library C:\Program Files\Java\jdk-21\bin\java.dll
Event: 0.059 Loaded shared library C:\Program Files\Java\jdk-21\bin\jsvml.dll
Event: 0.149 Loaded shared library C:\Program Files\Java\jdk-21\bin\zip.dll
Event: 0.154 Loaded shared library C:\Program Files\Java\jdk-21\bin\instrument.dll
Event: 0.160 Loaded shared library C:\Program Files\Java\jdk-21\bin\net.dll
Event: 0.162 Loaded shared library C:\Program Files\Java\jdk-21\bin\nio.dll
Event: 0.167 Loaded shared library C:\Program Files\Java\jdk-21\bin\zip.dll
Event: 0.344 Loaded shared library C:\Program Files\Java\jdk-21\bin\extnet.dll
Event: 0.384 Loaded shared library C:\Program Files\Java\jdk-21\bin\jimage.dll
Event: 0.711 Loaded shared library C:\Program Files\Java\jdk-21\bin\management.dll
Event: 0.717 Loaded shared library C:\Program Files\Java\jdk-21\bin\management_ext.dll
Event: 1.836 Loaded shared library C:\Program Files\Java\jdk-21\bin\sunmscapi.dll
Event: 5.111 Loaded shared library C:\Program Files\Java\jdk-21\bin\verify.dll

Deoptimization events (20 events):
Event: 8.522 Thread 0x000002400f330e50 Uncommon trap: trap_request=0xffffffde fr.pc=0x0000023fb96e09f0 relative=0x0000000000000190
Event: 8.522 Thread 0x000002400f330e50 Uncommon trap: reason=class_check action=maybe_recompile pc=0x0000023fb96e09f0 method=org.springframework.core.SerializableTypeWrapper.unwrap(Ljava/lang/reflect/Type;)Ljava/lang/reflect/Type; @ 10 c2
Event: 8.522 Thread 0x000002400f330e50 DEOPT PACKING pc=0x0000023fb96e09f0 sp=0x0000009171afc1b0
Event: 8.522 Thread 0x000002400f330e50 DEOPT UNPACKING pc=0x0000023fb8e446a2 sp=0x0000009171afc138 mode 2
Event: 8.531 Thread 0x000002400f330e50 Uncommon trap: trap_request=0xffffff45 fr.pc=0x0000023fb9893018 relative=0x00000000000010d8
Event: 8.531 Thread 0x000002400f330e50 Uncommon trap: reason=unstable_if action=reinterpret pc=0x0000023fb9893018 method=jdk.internal.org.objectweb.asm.Frame.getConcreteOutputType(II)I @ 35 c2
Event: 8.531 Thread 0x000002400f330e50 DEOPT PACKING pc=0x0000023fb9893018 sp=0x0000009171af9920
Event: 8.531 Thread 0x000002400f330e50 DEOPT UNPACKING pc=0x0000023fb8e446a2 sp=0x0000009171af9840 mode 2
Event: 8.531 Thread 0x000002400f330e50 Uncommon trap: trap_request=0xffffff45 fr.pc=0x0000023fb95b3b30 relative=0x0000000000000110
Event: 8.531 Thread 0x000002400f330e50 Uncommon trap: reason=unstable_if action=reinterpret pc=0x0000023fb95b3b30 method=jdk.internal.org.objectweb.asm.ByteVector.putShort(I)Ljdk/internal/org/objectweb/asm/ByteVector; @ 13 c2
Event: 8.531 Thread 0x000002400f330e50 DEOPT PACKING pc=0x0000023fb95b3b30 sp=0x0000009171af93e0
Event: 8.531 Thread 0x000002400f330e50 DEOPT UNPACKING pc=0x0000023fb8e446a2 sp=0x0000009171af9368 mode 2
Event: 8.553 Thread 0x000002400f330e50 Uncommon trap: trap_request=0xffffff45 fr.pc=0x0000023fb96f88ac relative=0x00000000000000ec
Event: 8.553 Thread 0x000002400f330e50 Uncommon trap: reason=unstable_if action=reinterpret pc=0x0000023fb96f88ac method=org.springframework.core.ResolvableType.resolveClass()Ljava/lang/Class; @ 38 c2
Event: 8.553 Thread 0x000002400f330e50 DEOPT PACKING pc=0x0000023fb96f88ac sp=0x0000009171af7a20
Event: 8.553 Thread 0x000002400f330e50 DEOPT UNPACKING pc=0x0000023fb8e446a2 sp=0x0000009171af79a0 mode 2
Event: 8.663 Thread 0x000002400f330e50 Uncommon trap: trap_request=0xffffff45 fr.pc=0x0000023fb983d324 relative=0x0000000000002f84
Event: 8.663 Thread 0x000002400f330e50 Uncommon trap: reason=unstable_if action=reinterpret pc=0x0000023fb983d324 method=java.net.URL.<init>(Ljava/net/URL;Ljava/lang/String;Ljava/net/URLStreamHandler;)V @ 30 c2
Event: 8.663 Thread 0x000002400f330e50 DEOPT PACKING pc=0x0000023fb983d324 sp=0x0000009171afd840
Event: 8.663 Thread 0x000002400f330e50 DEOPT UNPACKING pc=0x0000023fb8e446a2 sp=0x0000009171afd7f0 mode 2

Classes loaded (20 events):
Event: 8.060 Loading class java/util/WeakHashMap$EntryIterator
Event: 8.060 Loading class java/util/WeakHashMap$EntryIterator done
Event: 8.166 Loading class java/lang/Package$1PackageInfoProxy
Event: 8.166 Loading class java/lang/Package$1PackageInfoProxy done
Event: 8.226 Loading class java/time/DurationEditor
Event: 8.226 Loading class java/time/DurationEditor done
Event: 8.435 Loading class java/util/regex/PatternSyntaxException
Event: 8.435 Loading class java/util/regex/PatternSyntaxException done
Event: 8.446 Loading class java/util/Comparators$NullComparator
Event: 8.446 Loading class java/util/Comparators$NullComparator done
Event: 8.484 Loading class java/util/AbstractList$SubList$1
Event: 8.484 Loading class java/util/AbstractList$SubList$1 done
Event: 8.529 Loading class java/lang/invoke/MethodHandleImpl$CountingWrapper
Event: 8.530 Loading class java/lang/invoke/MethodHandleImpl$CountingWrapper done
Event: 8.594 Loading class java/util/EnumMap$EntrySet
Event: 8.595 Loading class java/util/EnumMap$EntrySet done
Event: 8.595 Loading class java/util/EnumMap$EntryIterator
Event: 8.595 Loading class java/util/EnumMap$EnumMapIterator
Event: 8.595 Loading class java/util/EnumMap$EnumMapIterator done
Event: 8.595 Loading class java/util/EnumMap$EntryIterator done

Classes unloaded (0 events):
No events

Classes redefined (0 events):
No events

Internal exceptions (20 events):
Event: 7.533 Thread 0x000002400f330e50 Exception <a 'java/lang/NoSuchMethodError'{0x0000000708bd0420}: 'int java.lang.invoke.DirectMethodHandle$Holder.invokeStatic(java.lang.Object, int, java.lang.Object)'> (0x0000000708bd0420) 
thrown [s\open\src\hotspot\share\interpreter\linkResolver.cpp, line 773]
Event: 7.535 Thread 0x000002400f330e50 Exception <a 'java/lang/NoSuchMethodError'{0x0000000708becec0}: 'java.lang.Object java.lang.invoke.DirectMethodHandle$Holder.newInvokeSpecial(java.lang.Object, java.lang.Object, java.lang.Object, java.lang.Object, java.lang.Object, int, java.lang.Object)'> (0x0000000708becec0) 
thrown [s\open\src\hotspot\share\interpreter\linkResolver.cpp, line 773]
Event: 7.541 Thread 0x000002400f330e50 Exception <a 'java/lang/NoSuchMethodError'{0x000000070881d938}: 'java.lang.Object java.lang.invoke.Invokers$Holder.linkToTargetMethod(java.lang.Object, java.lang.Object, java.lang.Object, java.lang.Object, java.lang.Object, java.lang.Object, java.lang.Object, java.lang.Object, java.lang.Object, java.lang.Object, java.lang.Object, java.lang.Object)'> (0x000000070881d938) 
thrown [s\open\src\hotspot\share\interpreter\linkResolver.cpp, line 773]
Event: 7.580 Thread 0x000002400f330e50 Exception <a 'java/lang/IncompatibleClassChangeError'{0x00000007089859f8}: Found class java.lang.Object, but interface was expected> (0x00000007089859f8) 
thrown [s\open\src\hotspot\share\interpreter\linkResolver.cpp, line 840]
Event: 7.591 Thread 0x000002400f330e50 Exception <a 'java/lang/NoSuchMethodError'{0x00000007089f7da0}: 'java.lang.Object java.lang.invoke.DirectMethodHandle$Holder.newInvokeSpecial(java.lang.Object, java.lang.Object, java.lang.Object, java.lang.Object, java.lang.Object, java.lang.Object, java.lang.Object, int)'> (0x00000007089f7da0) 
thrown [s\open\src\hotspot\share\interpreter\linkResolver.cpp, line 773]
Event: 7.591 Thread 0x000002400f330e50 Exception <a 'java/lang/NoSuchMethodError'{0x00000007089fc310}: 'java.lang.Object java.lang.invoke.DirectMethodHandle$Holder.invokeSpecial(java.lang.Object, java.lang.Object, java.lang.Object, java.lang.Object, java.lang.Object, java.lang.Object, java.lang.Object, java.lang.Object, int)'> (0x00000007089fc310) 
thrown [s\open\src\hotspot\share\interpreter\linkResolver.cpp, line 773]
Event: 7.592 Thread 0x000002400f330e50 Exception <a 'java/lang/NoSuchMethodError'{0x0000000708600b08}: 'java.lang.Object java.lang.invoke.Invokers$Holder.linkToTargetMethod(java.lang.Object, java.lang.Object, java.lang.Object, java.lang.Object, java.lang.Object, java.lang.Object, int, java.lang.Object)'> (0x0000000708600b08) 
thrown [s\open\src\hotspot\share\interpreter\linkResolver.cpp, line 773]
Event: 7.802 Thread 0x000002400f330e50 Implicit null exception at 0x0000023fb97d41f7 to 0x0000023fb97d4468
Event: 7.872 Thread 0x000002400f330e50 Implicit null exception at 0x0000023fb987f93c to 0x0000023fb98812e4
Event: 7.884 Thread 0x000002400f330e50 Exception <a 'java/lang/IncompatibleClassChangeError'{0x0000000707ee1b48}: Found class java.lang.Object, but interface was expected> (0x0000000707ee1b48) 
thrown [s\open\src\hotspot\share\interpreter\linkResolver.cpp, line 840]
Event: 7.964 Thread 0x000002400f330e50 Exception <a 'java/lang/IncompatibleClassChangeError'{0x0000000707c6c430}: Found class java.lang.Object, but interface was expected> (0x0000000707c6c430) 
thrown [s\open\src\hotspot\share\interpreter\linkResolver.cpp, line 840]
Event: 8.144 Thread 0x000002400f330e50 Exception <a 'java/lang/IncompatibleClassChangeError'{0x0000000715255bc0}: Found class java.lang.Object, but interface was expected> (0x0000000715255bc0) 
thrown [s\open\src\hotspot\share\interpreter\linkResolver.cpp, line 840]
Event: 8.199 Thread 0x000002400f330e50 Exception <a 'java/lang/NoSuchMethodError'{0x0000000711a0fe88}: 'void java.lang.invoke.Invokers$Holder.invokeExact_MT(java.lang.Object, java.lang.Object, java.lang.Object, java.lang.Object)'> (0x0000000711a0fe88) 
thrown [s\open\src\hotspot\share\interpreter\linkResolver.cpp, line 773]
Event: 8.265 Thread 0x000002400f330e50 Exception <a 'java/lang/NoSuchMethodError'{0x0000000711bb4cf8}: 'java.lang.Object java.lang.invoke.DirectMethodHandle$Holder.newInvokeSpecial(java.lang.Object, java.lang.Object, java.lang.Object, java.lang.Object, java.lang.Object, java.lang.Object, java.lang.Object, java.lang.Object)'> (0x0000000711bb4cf8) 
thrown [s\open\src\hotspot\share\interpreter\linkResolver.cpp, line 773]
Event: 8.528 Thread 0x000002400f330e50 Exception <a 'java/lang/NoSuchMethodError'{0x00000007093ac418}: 'java.lang.Object java.lang.invoke.DirectMethodHandle$Holder.invokeStatic(java.lang.Object, int, java.lang.Object, java.lang.Object)'> (0x00000007093ac418) 
thrown [s\open\src\hotspot\share\interpreter\linkResolver.cpp, line 773]
Event: 8.529 Thread 0x000002400f330e50 Exception <a 'java/lang/NoSuchMethodError'{0x00000007093b0788}: 'java.lang.Object java.lang.invoke.DirectMethodHandle$Holder.invokeSpecial(java.lang.Object, java.lang.Object, int, java.lang.Object, java.lang.Object)'> (0x00000007093b0788) 
thrown [s\open\src\hotspot\share\interpreter\linkResolver.cpp, line 773]
Event: 8.529 Thread 0x000002400f330e50 Exception <a 'java/lang/NoSuchMethodError'{0x00000007093b4430}: 'java.lang.Object java.lang.invoke.DelegatingMethodHandle$Holder.delegate(java.lang.Object, int, java.lang.Object, java.lang.Object)'> (0x00000007093b4430) 
thrown [s\open\src\hotspot\share\interpreter\linkResolver.cpp, line 773]
Event: 8.532 Thread 0x000002400f330e50 Exception <a 'java/lang/NoSuchMethodError'{0x00000007093dbf90}: 'int java.lang.invoke.Invokers$Holder.linkToTargetMethod(java.lang.Object, java.lang.Object, java.lang.Object)'> (0x00000007093dbf90) 
thrown [s\open\src\hotspot\share\interpreter\linkResolver.cpp, line 773]
Event: 8.630 Thread 0x000002400f330e50 Exception <a 'java/lang/IncompatibleClassChangeError'{0x0000000708ef8e00}: Found class java.lang.Object, but interface was expected> (0x0000000708ef8e00) 
thrown [s\open\src\hotspot\share\interpreter\linkResolver.cpp, line 840]
Event: 8.753 Thread 0x000002400f330e50 Exception <a 'java/lang/NoSuchMethodError'{0x0000000708a7fb00}: 'int java.lang.invoke.DirectMethodHandle$Holder.invokeStaticInit(java.lang.Object, java.lang.Object, java.lang.Object, java.lang.Object)'> (0x0000000708a7fb00) 
thrown [s\open\src\hotspot\share\interpreter\linkResolver.cpp, line 773]

ZGC Phase Switch (0 events):
No events

VM Operations (20 events):
Event: 8.120 Executing VM operation: CollectForMetadataAllocation (Metadata GC Threshold)
Event: 8.126 Executing VM operation: CollectForMetadataAllocation (Metadata GC Threshold) done
Event: 8.147 Executing VM operation: G1PauseRemark
Event: 8.154 Executing VM operation: G1PauseRemark done
Event: 8.163 Executing VM operation: G1PauseCleanup
Event: 8.164 Executing VM operation: G1PauseCleanup done
Event: 8.171 Executing VM operation: HandshakeAllThreads (Deoptimize)
Event: 8.171 Executing VM operation: HandshakeAllThreads (Deoptimize) done
Event: 8.173 Executing VM operation: HandshakeAllThreads (Deoptimize)
Event: 8.173 Executing VM operation: HandshakeAllThreads (Deoptimize) done
Event: 8.403 Executing VM operation: HandshakeAllThreads (Deoptimize)
Event: 8.403 Executing VM operation: HandshakeAllThreads (Deoptimize) done
Event: 8.489 Executing VM operation: HandshakeAllThreads (Deoptimize)
Event: 8.489 Executing VM operation: HandshakeAllThreads (Deoptimize) done
Event: 8.490 Executing VM operation: HandshakeAllThreads (Deoptimize)
Event: 8.490 Executing VM operation: HandshakeAllThreads (Deoptimize) done
Event: 8.647 Executing VM operation: HandshakeAllThreads (Deoptimize)
Event: 8.648 Executing VM operation: HandshakeAllThreads (Deoptimize) done
Event: 8.731 Executing VM operation: HandshakeAllThreads (Deoptimize)
Event: 8.731 Executing VM operation: HandshakeAllThreads (Deoptimize) done

Events (20 events):
Event: 8.152 Thread 0x0000023fc8c5cd00 flushing nmethod 0x0000023fb19eff90
Event: 8.152 Thread 0x0000023fc8c5cd00 flushing nmethod 0x0000023fb19f0890
Event: 8.152 Thread 0x0000023fc8c5cd00 flushing nmethod 0x0000023fb19f7910
Event: 8.152 Thread 0x0000023fc8c5cd00 flushing nmethod 0x0000023fb1a31b10
Event: 8.152 Thread 0x0000023fc8c5cd00 flushing nmethod 0x0000023fb1a35b90
Event: 8.152 Thread 0x0000023fc8c5cd00 flushing nmethod 0x0000023fb1a38610
Event: 8.152 Thread 0x0000023fc8c5cd00 flushing nmethod 0x0000023fb1a38d90
Event: 8.152 Thread 0x0000023fc8c5cd00 flushing nmethod 0x0000023fb1a3a990
Event: 8.152 Thread 0x0000023fc8c5cd00 flushing nmethod 0x0000023fb1a5fd90
Event: 8.152 Thread 0x0000023fc8c5cd00 flushing nmethod 0x0000023fb1a62c90
Event: 8.152 Thread 0x0000023fc8c5cd00 flushing nmethod 0x0000023fb1a77210
Event: 8.152 Thread 0x0000023fc8c5cd00 flushing nmethod 0x0000023fb1a7a510
Event: 8.152 Thread 0x0000023fc8c5cd00 flushing nmethod 0x0000023fb1a7d410
Event: 8.152 Thread 0x0000023fc8c5cd00 flushing nmethod 0x0000023fb1a7f110
Event: 8.152 Thread 0x0000023fc8c5cd00 flushing nmethod 0x0000023fb1dc0590
Event: 8.152 Thread 0x0000023fc8c5cd00 flushing nmethod 0x0000023fb1f5de10
Event: 8.152 Thread 0x0000023fc8c5cd00 flushing nmethod 0x0000023fb20dbf90
Event: 8.152 Thread 0x0000023fc8c5cd00 flushing nmethod 0x0000023fb21a8790
Event: 8.303 Thread 0x0000023fc9b190e0 Thread added: 0x0000023fc9b190e0
Event: 8.361 Thread 0x000002401130e040 Thread added: 0x000002401130e040


Dynamic libraries:
0x00007ff68c9a0000 - 0x00007ff68c9b0000 	C:\Program Files\Java\jdk-21\bin\java.exe
0x00007ffb4ecc0000 - 0x00007ffb4ef29000 	C:\WINDOWS\SYSTEM32\ntdll.dll
0x00007ffb4e0b0000 - 0x00007ffb4e179000 	C:\WINDOWS\System32\KERNEL32.DLL
0x00007ffb4be50000 - 0x00007ffb4c243000 	C:\WINDOWS\System32\KERNELBASE.dll
0x00007ffb4c4f0000 - 0x00007ffb4c63b000 	C:\WINDOWS\System32\ucrtbase.dll
0x00007ffb315c0000 - 0x00007ffb315db000 	C:\Program Files\Java\jdk-21\bin\VCRUNTIME140.dll
0x00007ffb20100000 - 0x00007ffb20119000 	C:\Program Files\Java\jdk-21\bin\jli.dll
0x00007ffb4e2f0000 - 0x00007ffb4e3a4000 	C:\WINDOWS\System32\ADVAPI32.dll
0x00007ffb4e650000 - 0x00007ffb4e6f9000 	C:\WINDOWS\System32\msvcrt.dll
0x00007ffb4cab0000 - 0x00007ffb4cb56000 	C:\WINDOWS\System32\sechost.dll
0x00007ffb4df90000 - 0x00007ffb4e0a8000 	C:\WINDOWS\System32\RPCRT4.dll
0x00007ffb4d520000 - 0x00007ffb4d6e4000 	C:\WINDOWS\System32\USER32.dll
0x00007ffb2c7d0000 - 0x00007ffb2ca63000 	C:\WINDOWS\WinSxS\amd64_microsoft.windows.common-controls_6595b64144ccf1df_6.0.26100.5074_none_3e0d6f78e32fd63f\COMCTL32.dll
0x00007ffb4c770000 - 0x00007ffb4c797000 	C:\WINDOWS\System32\win32u.dll
0x00007ffb4e760000 - 0x00007ffb4e78b000 	C:\WINDOWS\System32\GDI32.dll
0x00007ffb4c640000 - 0x00007ffb4c76d000 	C:\WINDOWS\System32\gdi32full.dll
0x00007ffb4c250000 - 0x00007ffb4c2f3000 	C:\WINDOWS\System32\msvcp_win.dll
0x00007ffb39b90000 - 0x00007ffb39b9b000 	C:\WINDOWS\SYSTEM32\VERSION.dll
0x00007ffb4cd20000 - 0x00007ffb4cd4f000 	C:\WINDOWS\System32\IMM32.DLL
0x00007ffb411a0000 - 0x00007ffb411ac000 	C:\Program Files\Java\jdk-21\bin\vcruntime140_1.dll
0x00007ffaf30c0000 - 0x00007ffaf314e000 	C:\Program Files\Java\jdk-21\bin\msvcp140.dll
0x00007ffab8960000 - 0x00007ffab967a000 	C:\Program Files\Java\jdk-21\bin\server\jvm.dll
0x00007ffb4df10000 - 0x00007ffb4df84000 	C:\WINDOWS\System32\WS2_32.dll
0x00007ffb4bcd0000 - 0x00007ffb4bd2e000 	C:\WINDOWS\SYSTEM32\POWRPROF.dll
0x00007ffb3efb0000 - 0x00007ffb3efe5000 	C:\WINDOWS\SYSTEM32\WINMM.dll
0x00007ffb4bcb0000 - 0x00007ffb4bcc4000 	C:\WINDOWS\SYSTEM32\UMPDC.dll
0x00007ffb4ac30000 - 0x00007ffb4ac4b000 	C:\WINDOWS\SYSTEM32\kernel.appcore.dll
0x00007ffb276d0000 - 0x00007ffb276da000 	C:\Program Files\Java\jdk-21\bin\jimage.dll
0x00007ffb49760000 - 0x00007ffb499a2000 	C:\WINDOWS\SYSTEM32\DBGHELP.DLL
0x00007ffb4e7a0000 - 0x00007ffb4eb1b000 	C:\WINDOWS\System32\combase.dll
0x00007ffb4e210000 - 0x00007ffb4e2e7000 	C:\WINDOWS\System32\OLEAUT32.dll
0x00007ffb2bda0000 - 0x00007ffb2bddd000 	C:\WINDOWS\SYSTEM32\dbgcore.DLL
0x00007ffb4c3c0000 - 0x00007ffb4c459000 	C:\WINDOWS\System32\bcryptPrimitives.dll
0x00007ffb1c760000 - 0x00007ffb1c76f000 	C:\Program Files\Java\jdk-21\bin\instrument.dll
0x00007ffb1baf0000 - 0x00007ffb1bb0f000 	C:\Program Files\Java\jdk-21\bin\java.dll
0x00007ffb4cd60000 - 0x00007ffb4d4ad000 	C:\WINDOWS\System32\SHELL32.dll
0x00007ffb4c920000 - 0x00007ffb4ca8c000 	C:\WINDOWS\System32\wintypes.dll
0x00007ffb499b0000 - 0x00007ffb4a209000 	C:\WINDOWS\SYSTEM32\windows.storage.dll
0x00007ffb4cb90000 - 0x00007ffb4cc80000 	C:\WINDOWS\System32\SHCORE.dll
0x00007ffb4d4b0000 - 0x00007ffb4d512000 	C:\WINDOWS\System32\shlwapi.dll
0x00007ffb4bd70000 - 0x00007ffb4bd99000 	C:\WINDOWS\SYSTEM32\profapi.dll
0x00007ffaf1230000 - 0x00007ffaf1307000 	C:\Program Files\Java\jdk-21\bin\jsvml.dll
0x00007ffb1a460000 - 0x00007ffb1a478000 	C:\Program Files\Java\jdk-21\bin\zip.dll
0x00007ffb1c750000 - 0x00007ffb1c760000 	C:\Program Files\Java\jdk-21\bin\net.dll
0x00007ffb429f0000 - 0x00007ffb42b0f000 	C:\WINDOWS\SYSTEM32\WINHTTP.dll
0x00007ffb4b1b0000 - 0x00007ffb4b21b000 	C:\WINDOWS\system32\mswsock.dll
0x00007ffb19370000 - 0x00007ffb19386000 	C:\Program Files\Java\jdk-21\bin\nio.dll
0x00007ffb1ae00000 - 0x00007ffb1ae09000 	C:\Program Files\Java\jdk-21\bin\extnet.dll
0x00007ffb19850000 - 0x00007ffb1985a000 	C:\Program Files\Java\jdk-21\bin\management.dll
0x00007ffb19360000 - 0x00007ffb1936b000 	C:\Program Files\Java\jdk-21\bin\management_ext.dll
0x00007ffb4e700000 - 0x00007ffb4e708000 	C:\WINDOWS\System32\PSAPI.DLL
0x00007ffb1a450000 - 0x00007ffb1a45e000 	C:\Program Files\Java\jdk-21\bin\sunmscapi.dll
0x00007ffb4c7a0000 - 0x00007ffb4c917000 	C:\WINDOWS\System32\CRYPT32.dll
0x00007ffb4b670000 - 0x00007ffb4b6a0000 	C:\WINDOWS\SYSTEM32\ncrypt.dll
0x00007ffb4b620000 - 0x00007ffb4b65f000 	C:\WINDOWS\SYSTEM32\NTASN1.dll
0x00007ffb4b460000 - 0x00007ffb4b47b000 	C:\WINDOWS\SYSTEM32\CRYPTSP.dll
0x00007ffb4ab90000 - 0x00007ffb4abcb000 	C:\WINDOWS\system32\rsaenh.dll
0x00007ffb4b250000 - 0x00007ffb4b27b000 	C:\WINDOWS\SYSTEM32\USERENV.dll
0x00007ffb4bd40000 - 0x00007ffb4bd66000 	C:\WINDOWS\SYSTEM32\bcrypt.dll
0x00007ffb4b450000 - 0x00007ffb4b45c000 	C:\WINDOWS\SYSTEM32\CRYPTBASE.dll
0x00007ffb4a600000 - 0x00007ffb4a634000 	C:\WINDOWS\SYSTEM32\IPHLPAPI.DLL
0x00007ffb4d6f0000 - 0x00007ffb4d6fa000 	C:\WINDOWS\System32\NSI.dll
0x00007ffb18ab0000 - 0x00007ffb18ac0000 	C:\Program Files\Java\jdk-21\bin\verify.dll
0x00007ffb4a6a0000 - 0x00007ffb4a7c6000 	C:\WINDOWS\SYSTEM32\DNSAPI.dll
0x00007ffb423c0000 - 0x00007ffb423cb000 	C:\Windows\System32\rasadhlp.dll
0x00007ffb43890000 - 0x00007ffb43916000 	C:\WINDOWS\System32\fwpuclnt.dll

dbghelp: loaded successfully - version: 4.0.5 - missing functions: none
symbol engine: initialized successfully - sym options: 0x614 - pdb path: .;C:\Program Files\Java\jdk-21\bin;C:\WINDOWS\SYSTEM32;C:\WINDOWS\WinSxS\amd64_microsoft.windows.common-controls_6595b64144ccf1df_6.0.26100.5074_none_3e0d6f78e32fd63f;C:\Program Files\Java\jdk-21\bin\server

VM Arguments:
jvm_args: -javaagent:C:\Program Files\JetBrains\IntelliJ IDEA Community Edition 2025.1.4.1\lib\idea_rt.jar=65043 -Dfile.encoding=UTF-8 -Dsun.stdout.encoding=UTF-8 -Dsun.stderr.encoding=UTF-8 
java_command: com.subash.ecom_proj.EcomProjApplication
java_class_path (initial): C:\Users\subha\Downloads\ecom-proj\ecom-proj\target\classes;C:\Users\subha\.m2\repository\org\springframework\boot\spring-boot-starter-data-jpa\3.5.5\spring-boot-starter-data-jpa-3.5.5.jar;C:\Users\subha\.m2\repository\org\springframework\boot\spring-boot-starter\3.5.5\spring-boot-starter-3.5.5.jar;C:\Users\subha\.m2\repository\org\springframework\boot\spring-boot-starter-logging\3.5.5\spring-boot-starter-logging-3.5.5.jar;C:\Users\subha\.m2\repository\ch\qos\logback\logback-classic\1.5.18\logback-classic-1.5.18.jar;C:\Users\subha\.m2\repository\ch\qos\logback\logback-core\1.5.18\logback-core-1.5.18.jar;C:\Users\subha\.m2\repository\org\apache\logging\log4j\log4j-to-slf4j\2.24.3\log4j-to-slf4j-2.24.3.jar;C:\Users\subha\.m2\repository\org\apache\logging\log4j\log4j-api\2.24.3\log4j-api-2.24.3.jar;C:\Users\subha\.m2\repository\org\slf4j\jul-to-slf4j\2.0.17\jul-to-slf4j-2.0.17.jar;C:\Users\subha\.m2\repository\jakarta\annotation\jakarta.annotation-api\2.1.1\jakarta.annotation-api-2.1.1.jar;C:\Users\subha\.m2\repository\org\yaml\snakeyaml\2.4\snakeyaml-2.4.jar;C:\Users\subha\.m2\repository\org\springframework\boot\spring-boot-starter-jdbc\3.5.5\spring-boot-starter-jdbc-3.5.5.jar;C:\Users\subha\.m2\repository\com\zaxxer\HikariCP\6.3.2\HikariCP-6.3.2.jar;C:\Users\subha\.m2\repository\org\springframework\spring-jdbc\6.2.10\spring-jdbc-6.2.10.jar;C:\Users\subha\.m2\repository\org\hibernate\orm\hibernate-core\6.6.26.Final\hibernate-core-6.6.26.Final.jar;C:\Users\subha\.m2\repository\jakarta\persistence\jakarta.persistence-api\3.1.0\jakarta.persistence-api-3.1.0.jar;C:\Users\subha\.m2\repository\jakarta\transaction\jakarta.transaction-api\2.0.1\jakarta.transaction-api-2.0.1.jar;C:\Users\subha\.m2\repository\org\jboss\logging\jboss-logging\3.6.1.Final\jboss-logging-3.6.1.Final.jar;C:\Users\subha\.m2\repository\org\hibernate\common\hibernate-commons-annotations\7.0.3.Final\hibernate-commons-annotations-7.0.3.Final.jar;C:\Users\subha\.m2\repository\io\smallrye\jandex\3.2.0\jandex-3.2.0.jar;C:\Users\subha\.m2\repository\com\fasterxml\classmate\1.7.0\classmate-1.7.0.jar;C:\Users\subha\.m2\repository\net\bytebuddy\byte-buddy\1.17.7\byte-buddy-1.17.7.jar;C:\Users\subha\.m2\repository\org\glassfish\jaxb\jaxb-runtime\4.0.5\jaxb-runtime-4.0.5.jar;C:\Users\subha\.m2\repository\org\glassfish\jaxb\jaxb-core\4.0.5\jaxb-core-4.0.5.jar;C:\Users\subha\.m2\repository\org\eclipse\angus\angus-activation\2.0.2\angus-activation-2.0.2.jar;C:\Users\subha\.m2\repository\org\glassfish\jaxb\txw2\4.0.5\txw2-4.0.5.jar;C:\Users\subha\.m2\repository\com\sun\istack\istack-commons-runtime\4.1.2\istack-commons-runtime-4.1.2.jar;C:\Users\subha\.m2\repository\jakarta\inject\jakarta.inject-api\2.0.1\jakarta.inject-api-2.0.1.jar;C:\Users\subha\.m2\repository\org\antlr\antlr4-runtime\4.13.0\antlr4-runtime-4.13.0.jar;C:\Users\subha\.m2\repository\org\springframework\data\spring-data-jpa\3.5.3\spring-data-jpa-3.5.3.jar;C:\Users\subha\.m2\repository\org\springframework\data\spring-data-commons\3.5.3\spring-data-commons-3.5.3.jar;C:\Users\subha\.m2\repository\org\springframework\spring-orm\6.2.10\spring-orm-6.2.10.jar;C:\Users\subha\.m2\repository\org\springframework\spring-context\6.2.10\spring-context-6.2.10.jar;C:\Users\subha\.m2\repository\org\springframework\spring-aop\6.2.10\spring-aop-6.2.10.jar;C:\Users\subha\.m2\repository\org\springframework\spring-tx\6.2.10\spring-tx-6.2.10.jar;C:\Users\subha\.m2\repository\org\springframework\spring-beans\6.2.10\spring-beans-6.2.10.jar;C:\Users\subha\.m2\repository\org\slf4j\slf4j-api\2.0.17\slf4j-api-2.0.17.jar;C:\Users\subha\.m2\repository\org\springframework\spring-aspects\6.2.10\spring-aspects-6.2.10.jar;C:\Users\subha\.m2\repository\org\aspectj\aspectjweaver\1.9.24\aspectjweaver-1.9.24.jar;C:\Users\subha\.m2\repository\org\springframework\boot\spring-boot-starter-web\3.5.5\spring-boot-starter-web-3.5.5.jar;C:\Users\subha\.m2\repository\org\springframework\boot\spring-boot-starter-json\3.5.5\spring-boot-starter-json-3.5.5.jar;C:\Users\subha\.m2\repository\com\fasterxml\jackson\core\jackson-databind\2.19.2\jackson-databind-2.19.2.jar;C:\Users\subha\.m2\repository\com\fasterxml\jackson\core\jackson-annotations\2.19.2\jackson-annotations-2.19.2.jar;C:\Users\subha\.m2\repository\com\fasterxml\jackson\core\jackson-core\2.19.2\jackson-core-2.19.2.jar;C:\Users\subha\.m2\repository\com\fasterxml\jackson\datatype\jackson-datatype-jdk8\2.19.2\jackson-datatype-jdk8-2.19.2.jar;C:\Users\subha\.m2\repository\com\fasterxml\jackson\datatype\jackson-datatype-jsr310\2.19.2\jackson-datatype-jsr310-2.19.2.jar;C:\Users\subha\.m2\repository\com\fasterxml\jackson\module\jackson-module-parameter-names\2.19.2\jackson-module-parameter-names-2.19.2.jar;C:\Users\subha\.m2\repository\org\springframework\boot\spring-boot-starter-tomcat\3.5.5\spring-boot-starter-tomcat-3.5.5.jar;C:\Users\subha\.m2\repository\org\apache\tomcat\embed\tomcat-embed-core\10.1.44\tomcat-embed-core-10.1.44.jar;C:\Users\subha\.m2\repository\org\apache\tomcat\embed\tomcat-embed-el\10.1.44\tomcat-embed-el-10.1.44.jar;C:\Users\subha\.m2\repository\org\apache\tomcat\embed\tomcat-embed-websocket\10.1.44\tomcat-embed-websocket-10.1.44.jar;C:\Users\subha\.m2\repository\org\springframework\spring-web\6.2.10\spring-web-6.2.10.jar;C:\Users\subha\.m2\repository\io\micrometer\micrometer-observation\1.15.3\micrometer-observation-1.15.3.jar;C:\Users\subha\.m2\repository\io\micrometer\micrometer-commons\1.15.3\micrometer-commons-1.15.3.jar;C:\Users\subha\.m2\repository\org\springframework\spring-webmvc\6.2.10\spring-webmvc-6.2.10.jar;C:\Users\subha\.m2\repository\org\springframework\spring-expression\6.2.10\spring-expression-6.2.10.jar;C:\Users\subha\.m2\repository\org\springframework\boot\spring-boot-devtools\3.5.5\spring-boot-devtools-3.5.5.jar;C:\Users\subha\.m2\repository\org\springframework\boot\spring-boot\3.5.5\spring-boot-3.5.5.jar;C:\Users\subha\.m2\repository\org\springframework\boot\spring-boot-autoconfigure\3.5.5\spring-boot-autoconfigure-3.5.5.jar;C:\Users\subha\.m2\repository\com\mysql\mysql-connector-j\9.4.0\mysql-connector-j-9.4.0.jar;C:\Users\subha\.m2\repository\org\projectlombok\lombok\1.18.38\lombok-1.18.38.jar;C:\Users\subha\.m2\repository\jakarta\xml\bind\jakarta.xml.bind-api\4.0.2\jakarta.xml.bind-api-4.0.2.jar;C:\Users\subha\.m2\repository\jakarta\activation\jakarta.activation-api\2.1.3\jakarta.activation-api-2.1.3.jar;C:\Users\subha\.m2\repository\org\springframework\spring-core\6.2.10\spring-core-6.2.10.jar;C:\Users\subha\.m2\repository\org\springframework\spring-jcl\6.2.10\spring-jcl-6.2.10.jar
Launcher Type: SUN_STANDARD

[Global flags]
     intx CICompilerCount                          = 12                                        {product} {ergonomic}
     uint ConcGCThreads                            = 3                                         {product} {ergonomic}
     uint G1ConcRefinementThreads                  = 13                                        {product} {ergonomic}
   size_t G1HeapRegionSize                         = 2097152                                   {product} {ergonomic}
    uintx GCDrainStackTargetSize                   = 64                                        {product} {ergonomic}
   size_t InitialHeapSize                          = 264241152                                 {product} {ergonomic}
   size_t MarkStackSize                            = 4194304                                   {product} {ergonomic}
   size_t MaxHeapSize                              = 4202692608                                {product} {ergonomic}
   size_t MaxNewSize                               = 2520776704                                {product} {ergonomic}
   size_t MinHeapDeltaBytes                        = 2097152                                   {product} {ergonomic}
   size_t MinHeapSize                              = 8388608                                   {product} {ergonomic}
    uintx NonNMethodCodeHeapSize                   = 7602480                                {pd product} {ergonomic}
    uintx NonProfiledCodeHeapSize                  = 122027880                              {pd product} {ergonomic}
    uintx ProfiledCodeHeapSize                     = 122027880                              {pd product} {ergonomic}
    uintx ReservedCodeCacheSize                    = 251658240                              {pd product} {ergonomic}
     bool SegmentedCodeCache                       = true                                      {product} {ergonomic}
   size_t SoftMaxHeapSize                          = 4202692608                             {manageable} {ergonomic}
     bool UseCompressedOops                        = true                           {product lp64_product} {ergonomic}
     bool UseG1GC                                  = true                                      {product} {ergonomic}
     bool UseLargePagesIndividualAllocation        = false                                  {pd product} {ergonomic}

Logging:
Log output configuration:
 #0: stdout all=warning uptime,level,tags foldmultilines=false
 #1: stderr all=off uptime,level,tags foldmultilines=false

Environment Variables:
PATH=C:\Program Files\Common Files\Oracle\Java\javapath;C:\windows\system32;C:\windows;C:\windows\System32\Wbem;C:\windows\System32\WindowsPowerShell\v1.0\;C:\windows\System32\OpenSSH\;C:\Program Files\MySQL\MySQL Server 8.0\bin;C:\Program Files\HP\HP One Agent;C:\Program Files\Git\cmd;C:\WINDOWS\system32;C:\WINDOWS;C:\WINDOWS\System32\Wbem;C:\WINDOWS\System32\WindowsPowerShell\v1.0\;C:\WINDOWS\System32\OpenSSH\;C:\Program Files\nodejs\;C:\Users\subha\AppData\Local\Microsoft\WindowsApps;C:\Users\subha\AppData\Local\Programs\Microsoft VS Code\bin;C:\Users\subha\AppData\Roaming\npm
USERNAME=subha
OS=Windows_NT
PROCESSOR_IDENTIFIER=Intel64 Family 6 Model 186 Stepping 2, GenuineIntel
TMP=C:\Users\subha\AppData\Local\Temp
TEMP=C:\Users\subha\AppData\Local\Temp




Periodic native trim disabled

---------------  S Y S T E M  ---------------

OS:
 Windows 11 , 64 bit Build 26100 (10.0.26100.5074)
OS uptime: 2 days 21:58 hours
Hyper-V role detected

CPU: total 16 (initial active 16) (8 cores per cpu, 2 threads per core) family 6 model 186 stepping 2 microcode 0x4114, cx8, cmov, fxsr, ht, mmx, 3dnowpref, sse, sse2, sse3, ssse3, sse4.1, sse4.2, popcnt, lzcnt, tsc, tscinvbit, avx, avx2, aes, erms, clmul, bmi1, bmi2, adx, sha, fma, vzeroupper, clflush, clflushopt, clwb, hv, serialize, rdtscp, rdpid, fsrm, f16c, cet_ibt, cet_ss
Processor Information for processor 0
  Max Mhz: 1900, Current Mhz: 1504, Mhz Limit: 1900
Processor Information for processor 1
  Max Mhz: 1900, Current Mhz: 1900, Mhz Limit: 1900
Processor Information for processor 2
  Max Mhz: 1900, Current Mhz: 1900, Mhz Limit: 1900
Processor Information for processor 3
  Max Mhz: 1900, Current Mhz: 1504, Mhz Limit: 1900
Processor Information for processor 4
  Max Mhz: 1900, Current Mhz: 1900, Mhz Limit: 1900
Processor Information for processor 5
  Max Mhz: 1900, Current Mhz: 1900, Mhz Limit: 1900
Processor Information for processor 6
  Max Mhz: 1900, Current Mhz: 1900, Mhz Limit: 1900
Processor Information for processor 7
  Max Mhz: 1900, Current Mhz: 1900, Mhz Limit: 1900
Processor Information for processor 8
  Max Mhz: 1900, Current Mhz: 1400, Mhz Limit: 1387
Processor Information for processor 9
  Max Mhz: 1900, Current Mhz: 1400, Mhz Limit: 1387
Processor Information for processor 10
  Max Mhz: 1900, Current Mhz: 1400, Mhz Limit: 1387
Processor Information for processor 11
  Max Mhz: 1900, Current Mhz: 1400, Mhz Limit: 1387
Processor Information for processor 12
  Max Mhz: 1900, Current Mhz: 1400, Mhz Limit: 1387
Processor Information for processor 13
  Max Mhz: 1900, Current Mhz: 1400, Mhz Limit: 1387
Processor Information for processor 14
  Max Mhz: 1900, Current Mhz: 1400, Mhz Limit: 1387
Processor Information for processor 15
  Max Mhz: 1900, Current Mhz: 1400, Mhz Limit: 1387

Memory: 4k page, system-wide physical 16024M (2146M free)
TotalPageFile size 21646M (AvailPageFile size 0M)
current process WorkingSet (physical memory assigned to process): 303M, peak: 303M
current process commit charge ("private bytes"): 349M, peak: 419M

vm_info: Java HotSpot(TM) 64-Bit Server VM (21.0.6+8-LTS-188) for windows-amd64 JRE (21.0.6+8-LTS-188), built on 2024-12-03T10:50:54Z by "mach5one" with MS VC++ 17.6 (VS2022)

END.
